  [1m[35m (7.1ms)[0m  [1m[35mCREATE TABLE "schema_migrations" ("version" character varying NOT NULL PRIMARY KEY)[0m
  [1m[35m (2.5ms)[0m  [1m[35mCREATE TABLE "ar_internal_metadata" ("key" character varying NOT NULL PRIMARY KEY, "value" character varying, "created_at" timestamp NOT NULL, "updated_at" timestamp NOT NULL)[0m
  [1m[35m (1.0ms)[0m  [1m[34mSELECT pg_try_advisory_lock(7634328003660299550)[0m
  [1m[35m (0.5ms)[0m  [1m[34mSELECT "schema_migrations"."version" FROM "schema_migrations" ORDER BY "schema_migrations"."version" ASC[0m
Migrating to CreateVenues (20170908014019)
  [1m[35m (0.2ms)[0m  [1m[35mBEGIN[0m
  [1m[35m (4.6ms)[0m  [1m[35mCREATE TABLE "venues" ("id" bigserial primary key, "name" character varying, "address" character varying, "neighborhood" character varying, "capacity" character varying, "created_at" timestamp NOT NULL, "updated_at" timestamp NOT NULL)[0m
  [1m[35mSQL (0.4ms)[0m  [1m[32mINSERT INTO "schema_migrations" ("version") VALUES ($1) RETURNING "version"[0m  [["version", "20170908014019"]]
  [1m[35m (0.5ms)[0m  [1m[35mCOMMIT[0m
Migrating to CreateShows (20170908014240)
  [1m[35m (0.2ms)[0m  [1m[35mBEGIN[0m
  [1m[35m (2.8ms)[0m  [1m[35mCREATE TABLE "shows" ("id" bigserial primary key, "headliner" character varying, "openers" character varying, "date" date, "time" time, "price" integer, "soldout" boolean, "genre" character varying, "ages" character varying, "created_at" timestamp NOT NULL, "updated_at" timestamp NOT NULL)[0m
  [1m[35mSQL (0.3ms)[0m  [1m[32mINSERT INTO "schema_migrations" ("version") VALUES ($1) RETURNING "version"[0m  [["version", "20170908014240"]]
  [1m[35m (0.5ms)[0m  [1m[35mCOMMIT[0m
Migrating to AddForeignKeyToShows (20170908014255)
  [1m[35m (0.2ms)[0m  [1m[35mBEGIN[0m
  [1m[35m (1.4ms)[0m  [1m[35mALTER TABLE "shows" ADD "venue_id" integer[0m
  [1m[35mSQL (0.3ms)[0m  [1m[32mINSERT INTO "schema_migrations" ("version") VALUES ($1) RETURNING "version"[0m  [["version", "20170908014255"]]
  [1m[35m (0.4ms)[0m  [1m[35mCOMMIT[0m
  [1m[36mActiveRecord::InternalMetadata Load (0.2ms)[0m  [1m[34mSELECT  "ar_internal_metadata".* FROM "ar_internal_metadata" WHERE "ar_internal_metadata"."key" = $1 LIMIT $2[0m  [["key", "environment"], ["LIMIT", 1]]
  [1m[35m (0.1ms)[0m  [1m[35mBEGIN[0m
  [1m[35mSQL (0.3ms)[0m  [1m[32mINSERT INTO "ar_internal_metadata" ("key", "value", "created_at", "updated_at") VALUES ($1, $2, $3, $4) RETURNING "key"[0m  [["key", "environment"], ["value", "development"], ["created_at", "2017-09-08 01:48:11.999529"], ["updated_at", "2017-09-08 01:48:11.999529"]]
  [1m[35m (0.4ms)[0m  [1m[35mCOMMIT[0m
  [1m[35m (0.2ms)[0m  [1m[34mSELECT pg_advisory_unlock(7634328003660299550)[0m
  [1m[35m (2.9ms)[0m  [1m[34mSELECT "schema_migrations"."version" FROM "schema_migrations" ORDER BY "schema_migrations"."version" ASC[0m
  [1m[36mShow Load (0.4ms)[0m  [1m[34mSELECT  "shows".* FROM "shows" LIMIT $1[0m  [["LIMIT", 11]]
  [1m[36mShow Load (0.7ms)[0m  [1m[34mSELECT  "shows".* FROM "shows" LIMIT $1[0m  [["LIMIT", 11]]
Started GET "/" for 127.0.0.1 at 2017-09-07 19:23:26 -0700
  [1m[35m (0.6ms)[0m  [1m[34mSELECT "schema_migrations"."version" FROM "schema_migrations" ORDER BY "schema_migrations"."version" ASC[0m
Processing by Rails::WelcomeController#index as HTML
  Rendering /Users/mayagold/.rbenv/versions/2.4.1/lib/ruby/gems/2.4.0/gems/railties-5.1.3/lib/rails/templates/rails/welcome/index.html.erb
  Rendered /Users/mayagold/.rbenv/versions/2.4.1/lib/ruby/gems/2.4.0/gems/railties-5.1.3/lib/rails/templates/rails/welcome/index.html.erb (3.4ms)
Completed 200 OK in 11ms (Views: 8.2ms | ActiveRecord: 0.0ms)


Started GET "/venues" for 127.0.0.1 at 2017-09-07 19:23:33 -0700
Processing by VenuesController#index as HTML
  [1m[36mVenue Load (0.9ms)[0m  [1m[34mSELECT "venues".* FROM "venues"[0m
Completed 200 OK in 20ms (Views: 6.8ms | ActiveRecord: 7.0ms)


Started GET "/shows" for 127.0.0.1 at 2017-09-07 19:23:37 -0700
Processing by ShowsController#index as HTML
  [1m[36mShow Load (0.9ms)[0m  [1m[34mSELECT "shows".* FROM "shows"[0m
Completed 200 OK in 13ms (Views: 2.0ms | ActiveRecord: 2.1ms)


Started GET "/" for 127.0.0.1 at 2017-09-08 08:53:31 -0700
  
ActiveRecord::NoDatabaseError (FATAL:  database "tour206_api_development" does not exist
):
  
activerecord (5.1.3) lib/active_record/connection_adapters/postgresql_adapter.rb:699:in `rescue in connect'
activerecord (5.1.3) lib/active_record/connection_adapters/postgresql_adapter.rb:695:in `connect'
activerecord (5.1.3) lib/active_record/connection_adapters/postgresql_adapter.rb:220:in `initialize'
activerecord (5.1.3) lib/active_record/connection_adapters/postgresql_adapter.rb:38:in `new'
activerecord (5.1.3) lib/active_record/connection_adapters/postgresql_adapter.rb:38:in `postgresql_connection'
activerecord (5.1.3) lib/active_record/connection_adapters/abstract/connection_pool.rb:759:in `new_connection'
activerecord (5.1.3) lib/active_record/connection_adapters/abstract/connection_pool.rb:803:in `checkout_new_connection'
activerecord (5.1.3) lib/active_record/connection_adapters/abstract/connection_pool.rb:782:in `try_to_checkout_new_connection'
activerecord (5.1.3) lib/active_record/connection_adapters/abstract/connection_pool.rb:743:in `acquire_connection'
activerecord (5.1.3) lib/active_record/connection_adapters/abstract/connection_pool.rb:500:in `checkout'
activerecord (5.1.3) lib/active_record/connection_adapters/abstract/connection_pool.rb:374:in `connection'
activerecord (5.1.3) lib/active_record/connection_adapters/abstract/connection_pool.rb:931:in `retrieve_connection'
activerecord (5.1.3) lib/active_record/connection_handling.rb:116:in `retrieve_connection'
activerecord (5.1.3) lib/active_record/connection_handling.rb:88:in `connection'
activerecord (5.1.3) lib/active_record/migration.rb:562:in `connection'
activerecord (5.1.3) lib/active_record/migration.rb:553:in `call'
actionpack (5.1.3) lib/action_dispatch/middleware/callbacks.rb:26:in `block in call'
activesupport (5.1.3) lib/active_support/callbacks.rb:97:in `run_callbacks'
actionpack (5.1.3) lib/action_dispatch/middleware/callbacks.rb:24:in `call'
actionpack (5.1.3) lib/action_dispatch/middleware/executor.rb:12:in `call'
actionpack (5.1.3) lib/action_dispatch/middleware/debug_exceptions.rb:59:in `call'
actionpack (5.1.3) lib/action_dispatch/middleware/show_exceptions.rb:31:in `call'
railties (5.1.3) lib/rails/rack/logger.rb:36:in `call_app'
railties (5.1.3) lib/rails/rack/logger.rb:24:in `block in call'
activesupport (5.1.3) lib/active_support/tagged_logging.rb:69:in `block in tagged'
activesupport (5.1.3) lib/active_support/tagged_logging.rb:26:in `tagged'
activesupport (5.1.3) lib/active_support/tagged_logging.rb:69:in `tagged'
railties (5.1.3) lib/rails/rack/logger.rb:24:in `call'
actionpack (5.1.3) lib/action_dispatch/middleware/remote_ip.rb:79:in `call'
actionpack (5.1.3) lib/action_dispatch/middleware/request_id.rb:25:in `call'
rack (2.0.3) lib/rack/runtime.rb:22:in `call'
activesupport (5.1.3) lib/active_support/cache/strategy/local_cache_middleware.rb:27:in `call'
actionpack (5.1.3) lib/action_dispatch/middleware/executor.rb:12:in `call'
actionpack (5.1.3) lib/action_dispatch/middleware/static.rb:125:in `call'
rack (2.0.3) lib/rack/sendfile.rb:111:in `call'
railties (5.1.3) lib/rails/engine.rb:522:in `call'
puma (3.10.0) lib/puma/configuration.rb:225:in `call'
puma (3.10.0) lib/puma/server.rb:605:in `handle_request'
puma (3.10.0) lib/puma/server.rb:437:in `process_client'
puma (3.10.0) lib/puma/server.rb:301:in `block in run'
puma (3.10.0) lib/puma/thread_pool.rb:120:in `block in spawn_thread'
Started GET "/shows" for 127.0.0.1 at 2017-09-08 08:54:28 -0700
  
ActiveRecord::NoDatabaseError (FATAL:  database "tour206_api_development" does not exist
):
  
activerecord (5.1.3) lib/active_record/connection_adapters/postgresql_adapter.rb:699:in `rescue in connect'
activerecord (5.1.3) lib/active_record/connection_adapters/postgresql_adapter.rb:695:in `connect'
activerecord (5.1.3) lib/active_record/connection_adapters/postgresql_adapter.rb:220:in `initialize'
activerecord (5.1.3) lib/active_record/connection_adapters/postgresql_adapter.rb:38:in `new'
activerecord (5.1.3) lib/active_record/connection_adapters/postgresql_adapter.rb:38:in `postgresql_connection'
activerecord (5.1.3) lib/active_record/connection_adapters/abstract/connection_pool.rb:759:in `new_connection'
activerecord (5.1.3) lib/active_record/connection_adapters/abstract/connection_pool.rb:803:in `checkout_new_connection'
activerecord (5.1.3) lib/active_record/connection_adapters/abstract/connection_pool.rb:782:in `try_to_checkout_new_connection'
activerecord (5.1.3) lib/active_record/connection_adapters/abstract/connection_pool.rb:743:in `acquire_connection'
activerecord (5.1.3) lib/active_record/connection_adapters/abstract/connection_pool.rb:500:in `checkout'
activerecord (5.1.3) lib/active_record/connection_adapters/abstract/connection_pool.rb:374:in `connection'
activerecord (5.1.3) lib/active_record/connection_adapters/abstract/connection_pool.rb:931:in `retrieve_connection'
activerecord (5.1.3) lib/active_record/connection_handling.rb:116:in `retrieve_connection'
activerecord (5.1.3) lib/active_record/connection_handling.rb:88:in `connection'
activerecord (5.1.3) lib/active_record/migration.rb:562:in `connection'
activerecord (5.1.3) lib/active_record/migration.rb:553:in `call'
actionpack (5.1.3) lib/action_dispatch/middleware/callbacks.rb:26:in `block in call'
activesupport (5.1.3) lib/active_support/callbacks.rb:97:in `run_callbacks'
actionpack (5.1.3) lib/action_dispatch/middleware/callbacks.rb:24:in `call'
actionpack (5.1.3) lib/action_dispatch/middleware/executor.rb:12:in `call'
actionpack (5.1.3) lib/action_dispatch/middleware/debug_exceptions.rb:59:in `call'
actionpack (5.1.3) lib/action_dispatch/middleware/show_exceptions.rb:31:in `call'
railties (5.1.3) lib/rails/rack/logger.rb:36:in `call_app'
railties (5.1.3) lib/rails/rack/logger.rb:24:in `block in call'
activesupport (5.1.3) lib/active_support/tagged_logging.rb:69:in `block in tagged'
activesupport (5.1.3) lib/active_support/tagged_logging.rb:26:in `tagged'
activesupport (5.1.3) lib/active_support/tagged_logging.rb:69:in `tagged'
railties (5.1.3) lib/rails/rack/logger.rb:24:in `call'
actionpack (5.1.3) lib/action_dispatch/middleware/remote_ip.rb:79:in `call'
actionpack (5.1.3) lib/action_dispatch/middleware/request_id.rb:25:in `call'
rack (2.0.3) lib/rack/runtime.rb:22:in `call'
activesupport (5.1.3) lib/active_support/cache/strategy/local_cache_middleware.rb:27:in `call'
actionpack (5.1.3) lib/action_dispatch/middleware/executor.rb:12:in `call'
actionpack (5.1.3) lib/action_dispatch/middleware/static.rb:125:in `call'
rack (2.0.3) lib/rack/sendfile.rb:111:in `call'
railties (5.1.3) lib/rails/engine.rb:522:in `call'
puma (3.10.0) lib/puma/configuration.rb:225:in `call'
puma (3.10.0) lib/puma/server.rb:605:in `handle_request'
puma (3.10.0) lib/puma/server.rb:437:in `process_client'
puma (3.10.0) lib/puma/server.rb:301:in `block in run'
puma (3.10.0) lib/puma/thread_pool.rb:120:in `block in spawn_thread'
Started GET "/show" for 127.0.0.1 at 2017-09-08 08:54:35 -0700
  
ActiveRecord::NoDatabaseError (FATAL:  database "tour206_api_development" does not exist
):
  
activerecord (5.1.3) lib/active_record/connection_adapters/postgresql_adapter.rb:699:in `rescue in connect'
activerecord (5.1.3) lib/active_record/connection_adapters/postgresql_adapter.rb:695:in `connect'
activerecord (5.1.3) lib/active_record/connection_adapters/postgresql_adapter.rb:220:in `initialize'
activerecord (5.1.3) lib/active_record/connection_adapters/postgresql_adapter.rb:38:in `new'
activerecord (5.1.3) lib/active_record/connection_adapters/postgresql_adapter.rb:38:in `postgresql_connection'
activerecord (5.1.3) lib/active_record/connection_adapters/abstract/connection_pool.rb:759:in `new_connection'
activerecord (5.1.3) lib/active_record/connection_adapters/abstract/connection_pool.rb:803:in `checkout_new_connection'
activerecord (5.1.3) lib/active_record/connection_adapters/abstract/connection_pool.rb:782:in `try_to_checkout_new_connection'
activerecord (5.1.3) lib/active_record/connection_adapters/abstract/connection_pool.rb:743:in `acquire_connection'
activerecord (5.1.3) lib/active_record/connection_adapters/abstract/connection_pool.rb:500:in `checkout'
activerecord (5.1.3) lib/active_record/connection_adapters/abstract/connection_pool.rb:374:in `connection'
activerecord (5.1.3) lib/active_record/connection_adapters/abstract/connection_pool.rb:931:in `retrieve_connection'
activerecord (5.1.3) lib/active_record/connection_handling.rb:116:in `retrieve_connection'
activerecord (5.1.3) lib/active_record/connection_handling.rb:88:in `connection'
activerecord (5.1.3) lib/active_record/migration.rb:562:in `connection'
activerecord (5.1.3) lib/active_record/migration.rb:553:in `call'
actionpack (5.1.3) lib/action_dispatch/middleware/callbacks.rb:26:in `block in call'
activesupport (5.1.3) lib/active_support/callbacks.rb:97:in `run_callbacks'
actionpack (5.1.3) lib/action_dispatch/middleware/callbacks.rb:24:in `call'
actionpack (5.1.3) lib/action_dispatch/middleware/executor.rb:12:in `call'
actionpack (5.1.3) lib/action_dispatch/middleware/debug_exceptions.rb:59:in `call'
actionpack (5.1.3) lib/action_dispatch/middleware/show_exceptions.rb:31:in `call'
railties (5.1.3) lib/rails/rack/logger.rb:36:in `call_app'
railties (5.1.3) lib/rails/rack/logger.rb:24:in `block in call'
activesupport (5.1.3) lib/active_support/tagged_logging.rb:69:in `block in tagged'
activesupport (5.1.3) lib/active_support/tagged_logging.rb:26:in `tagged'
activesupport (5.1.3) lib/active_support/tagged_logging.rb:69:in `tagged'
railties (5.1.3) lib/rails/rack/logger.rb:24:in `call'
actionpack (5.1.3) lib/action_dispatch/middleware/remote_ip.rb:79:in `call'
actionpack (5.1.3) lib/action_dispatch/middleware/request_id.rb:25:in `call'
rack (2.0.3) lib/rack/runtime.rb:22:in `call'
activesupport (5.1.3) lib/active_support/cache/strategy/local_cache_middleware.rb:27:in `call'
actionpack (5.1.3) lib/action_dispatch/middleware/executor.rb:12:in `call'
actionpack (5.1.3) lib/action_dispatch/middleware/static.rb:125:in `call'
rack (2.0.3) lib/rack/sendfile.rb:111:in `call'
railties (5.1.3) lib/rails/engine.rb:522:in `call'
puma (3.10.0) lib/puma/configuration.rb:225:in `call'
puma (3.10.0) lib/puma/server.rb:605:in `handle_request'
puma (3.10.0) lib/puma/server.rb:437:in `process_client'
puma (3.10.0) lib/puma/server.rb:301:in `block in run'
puma (3.10.0) lib/puma/thread_pool.rb:120:in `block in spawn_thread'
Started GET "/shows" for 127.0.0.1 at 2017-09-08 08:55:15 -0700
  
ActiveRecord::NoDatabaseError (FATAL:  database "tour206_api_development" does not exist
):
  
activerecord (5.1.3) lib/active_record/connection_adapters/postgresql_adapter.rb:699:in `rescue in connect'
activerecord (5.1.3) lib/active_record/connection_adapters/postgresql_adapter.rb:695:in `connect'
activerecord (5.1.3) lib/active_record/connection_adapters/postgresql_adapter.rb:220:in `initialize'
activerecord (5.1.3) lib/active_record/connection_adapters/postgresql_adapter.rb:38:in `new'
activerecord (5.1.3) lib/active_record/connection_adapters/postgresql_adapter.rb:38:in `postgresql_connection'
activerecord (5.1.3) lib/active_record/connection_adapters/abstract/connection_pool.rb:759:in `new_connection'
activerecord (5.1.3) lib/active_record/connection_adapters/abstract/connection_pool.rb:803:in `checkout_new_connection'
activerecord (5.1.3) lib/active_record/connection_adapters/abstract/connection_pool.rb:782:in `try_to_checkout_new_connection'
activerecord (5.1.3) lib/active_record/connection_adapters/abstract/connection_pool.rb:743:in `acquire_connection'
activerecord (5.1.3) lib/active_record/connection_adapters/abstract/connection_pool.rb:500:in `checkout'
activerecord (5.1.3) lib/active_record/connection_adapters/abstract/connection_pool.rb:374:in `connection'
activerecord (5.1.3) lib/active_record/connection_adapters/abstract/connection_pool.rb:931:in `retrieve_connection'
activerecord (5.1.3) lib/active_record/connection_handling.rb:116:in `retrieve_connection'
activerecord (5.1.3) lib/active_record/connection_handling.rb:88:in `connection'
activerecord (5.1.3) lib/active_record/migration.rb:562:in `connection'
activerecord (5.1.3) lib/active_record/migration.rb:553:in `call'
actionpack (5.1.3) lib/action_dispatch/middleware/callbacks.rb:26:in `block in call'
activesupport (5.1.3) lib/active_support/callbacks.rb:97:in `run_callbacks'
actionpack (5.1.3) lib/action_dispatch/middleware/callbacks.rb:24:in `call'
actionpack (5.1.3) lib/action_dispatch/middleware/executor.rb:12:in `call'
actionpack (5.1.3) lib/action_dispatch/middleware/debug_exceptions.rb:59:in `call'
actionpack (5.1.3) lib/action_dispatch/middleware/show_exceptions.rb:31:in `call'
railties (5.1.3) lib/rails/rack/logger.rb:36:in `call_app'
railties (5.1.3) lib/rails/rack/logger.rb:24:in `block in call'
activesupport (5.1.3) lib/active_support/tagged_logging.rb:69:in `block in tagged'
activesupport (5.1.3) lib/active_support/tagged_logging.rb:26:in `tagged'
activesupport (5.1.3) lib/active_support/tagged_logging.rb:69:in `tagged'
railties (5.1.3) lib/rails/rack/logger.rb:24:in `call'
actionpack (5.1.3) lib/action_dispatch/middleware/remote_ip.rb:79:in `call'
actionpack (5.1.3) lib/action_dispatch/middleware/request_id.rb:25:in `call'
rack (2.0.3) lib/rack/runtime.rb:22:in `call'
activesupport (5.1.3) lib/active_support/cache/strategy/local_cache_middleware.rb:27:in `call'
actionpack (5.1.3) lib/action_dispatch/middleware/executor.rb:12:in `call'
actionpack (5.1.3) lib/action_dispatch/middleware/static.rb:125:in `call'
rack (2.0.3) lib/rack/sendfile.rb:111:in `call'
railties (5.1.3) lib/rails/engine.rb:522:in `call'
puma (3.10.0) lib/puma/configuration.rb:225:in `call'
puma (3.10.0) lib/puma/server.rb:605:in `handle_request'
puma (3.10.0) lib/puma/server.rb:437:in `process_client'
puma (3.10.0) lib/puma/server.rb:301:in `block in run'
puma (3.10.0) lib/puma/thread_pool.rb:120:in `block in spawn_thread'
Started GET "/" for 127.0.0.1 at 2017-09-08 08:55:17 -0700
  
ActiveRecord::NoDatabaseError (FATAL:  database "tour206_api_development" does not exist
):
  
activerecord (5.1.3) lib/active_record/connection_adapters/postgresql_adapter.rb:699:in `rescue in connect'
activerecord (5.1.3) lib/active_record/connection_adapters/postgresql_adapter.rb:695:in `connect'
activerecord (5.1.3) lib/active_record/connection_adapters/postgresql_adapter.rb:220:in `initialize'
activerecord (5.1.3) lib/active_record/connection_adapters/postgresql_adapter.rb:38:in `new'
activerecord (5.1.3) lib/active_record/connection_adapters/postgresql_adapter.rb:38:in `postgresql_connection'
activerecord (5.1.3) lib/active_record/connection_adapters/abstract/connection_pool.rb:759:in `new_connection'
activerecord (5.1.3) lib/active_record/connection_adapters/abstract/connection_pool.rb:803:in `checkout_new_connection'
activerecord (5.1.3) lib/active_record/connection_adapters/abstract/connection_pool.rb:782:in `try_to_checkout_new_connection'
activerecord (5.1.3) lib/active_record/connection_adapters/abstract/connection_pool.rb:743:in `acquire_connection'
activerecord (5.1.3) lib/active_record/connection_adapters/abstract/connection_pool.rb:500:in `checkout'
activerecord (5.1.3) lib/active_record/connection_adapters/abstract/connection_pool.rb:374:in `connection'
activerecord (5.1.3) lib/active_record/connection_adapters/abstract/connection_pool.rb:931:in `retrieve_connection'
activerecord (5.1.3) lib/active_record/connection_handling.rb:116:in `retrieve_connection'
activerecord (5.1.3) lib/active_record/connection_handling.rb:88:in `connection'
activerecord (5.1.3) lib/active_record/migration.rb:562:in `connection'
activerecord (5.1.3) lib/active_record/migration.rb:553:in `call'
actionpack (5.1.3) lib/action_dispatch/middleware/callbacks.rb:26:in `block in call'
activesupport (5.1.3) lib/active_support/callbacks.rb:97:in `run_callbacks'
actionpack (5.1.3) lib/action_dispatch/middleware/callbacks.rb:24:in `call'
actionpack (5.1.3) lib/action_dispatch/middleware/executor.rb:12:in `call'
actionpack (5.1.3) lib/action_dispatch/middleware/debug_exceptions.rb:59:in `call'
actionpack (5.1.3) lib/action_dispatch/middleware/show_exceptions.rb:31:in `call'
railties (5.1.3) lib/rails/rack/logger.rb:36:in `call_app'
railties (5.1.3) lib/rails/rack/logger.rb:24:in `block in call'
activesupport (5.1.3) lib/active_support/tagged_logging.rb:69:in `block in tagged'
activesupport (5.1.3) lib/active_support/tagged_logging.rb:26:in `tagged'
activesupport (5.1.3) lib/active_support/tagged_logging.rb:69:in `tagged'
railties (5.1.3) lib/rails/rack/logger.rb:24:in `call'
actionpack (5.1.3) lib/action_dispatch/middleware/remote_ip.rb:79:in `call'
actionpack (5.1.3) lib/action_dispatch/middleware/request_id.rb:25:in `call'
rack (2.0.3) lib/rack/runtime.rb:22:in `call'
activesupport (5.1.3) lib/active_support/cache/strategy/local_cache_middleware.rb:27:in `call'
actionpack (5.1.3) lib/action_dispatch/middleware/executor.rb:12:in `call'
actionpack (5.1.3) lib/action_dispatch/middleware/static.rb:125:in `call'
rack (2.0.3) lib/rack/sendfile.rb:111:in `call'
railties (5.1.3) lib/rails/engine.rb:522:in `call'
puma (3.10.0) lib/puma/configuration.rb:225:in `call'
puma (3.10.0) lib/puma/server.rb:605:in `handle_request'
puma (3.10.0) lib/puma/server.rb:437:in `process_client'
puma (3.10.0) lib/puma/server.rb:301:in `block in run'
puma (3.10.0) lib/puma/thread_pool.rb:120:in `block in spawn_thread'
Started GET "/" for 127.0.0.1 at 2017-09-08 08:55:19 -0700
  
ActiveRecord::NoDatabaseError (FATAL:  database "tour206_api_development" does not exist
):
  
activerecord (5.1.3) lib/active_record/connection_adapters/postgresql_adapter.rb:699:in `rescue in connect'
activerecord (5.1.3) lib/active_record/connection_adapters/postgresql_adapter.rb:695:in `connect'
activerecord (5.1.3) lib/active_record/connection_adapters/postgresql_adapter.rb:220:in `initialize'
activerecord (5.1.3) lib/active_record/connection_adapters/postgresql_adapter.rb:38:in `new'
activerecord (5.1.3) lib/active_record/connection_adapters/postgresql_adapter.rb:38:in `postgresql_connection'
activerecord (5.1.3) lib/active_record/connection_adapters/abstract/connection_pool.rb:759:in `new_connection'
activerecord (5.1.3) lib/active_record/connection_adapters/abstract/connection_pool.rb:803:in `checkout_new_connection'
activerecord (5.1.3) lib/active_record/connection_adapters/abstract/connection_pool.rb:782:in `try_to_checkout_new_connection'
activerecord (5.1.3) lib/active_record/connection_adapters/abstract/connection_pool.rb:743:in `acquire_connection'
activerecord (5.1.3) lib/active_record/connection_adapters/abstract/connection_pool.rb:500:in `checkout'
activerecord (5.1.3) lib/active_record/connection_adapters/abstract/connection_pool.rb:374:in `connection'
activerecord (5.1.3) lib/active_record/connection_adapters/abstract/connection_pool.rb:931:in `retrieve_connection'
activerecord (5.1.3) lib/active_record/connection_handling.rb:116:in `retrieve_connection'
activerecord (5.1.3) lib/active_record/connection_handling.rb:88:in `connection'
activerecord (5.1.3) lib/active_record/migration.rb:562:in `connection'
activerecord (5.1.3) lib/active_record/migration.rb:553:in `call'
actionpack (5.1.3) lib/action_dispatch/middleware/callbacks.rb:26:in `block in call'
activesupport (5.1.3) lib/active_support/callbacks.rb:97:in `run_callbacks'
actionpack (5.1.3) lib/action_dispatch/middleware/callbacks.rb:24:in `call'
actionpack (5.1.3) lib/action_dispatch/middleware/executor.rb:12:in `call'
actionpack (5.1.3) lib/action_dispatch/middleware/debug_exceptions.rb:59:in `call'
actionpack (5.1.3) lib/action_dispatch/middleware/show_exceptions.rb:31:in `call'
railties (5.1.3) lib/rails/rack/logger.rb:36:in `call_app'
railties (5.1.3) lib/rails/rack/logger.rb:24:in `block in call'
activesupport (5.1.3) lib/active_support/tagged_logging.rb:69:in `block in tagged'
activesupport (5.1.3) lib/active_support/tagged_logging.rb:26:in `tagged'
activesupport (5.1.3) lib/active_support/tagged_logging.rb:69:in `tagged'
railties (5.1.3) lib/rails/rack/logger.rb:24:in `call'
actionpack (5.1.3) lib/action_dispatch/middleware/remote_ip.rb:79:in `call'
actionpack (5.1.3) lib/action_dispatch/middleware/request_id.rb:25:in `call'
rack (2.0.3) lib/rack/runtime.rb:22:in `call'
activesupport (5.1.3) lib/active_support/cache/strategy/local_cache_middleware.rb:27:in `call'
actionpack (5.1.3) lib/action_dispatch/middleware/executor.rb:12:in `call'
actionpack (5.1.3) lib/action_dispatch/middleware/static.rb:125:in `call'
rack (2.0.3) lib/rack/sendfile.rb:111:in `call'
railties (5.1.3) lib/rails/engine.rb:522:in `call'
puma (3.10.0) lib/puma/configuration.rb:225:in `call'
puma (3.10.0) lib/puma/server.rb:605:in `handle_request'
puma (3.10.0) lib/puma/server.rb:437:in `process_client'
puma (3.10.0) lib/puma/server.rb:301:in `block in run'
puma (3.10.0) lib/puma/thread_pool.rb:120:in `block in spawn_thread'
  [1m[35m (42.2ms)[0m  [1m[35mCREATE TABLE "schema_migrations" ("version" character varying NOT NULL PRIMARY KEY)[0m
  [1m[35m (43.1ms)[0m  [1m[35mCREATE TABLE "ar_internal_metadata" ("key" character varying NOT NULL PRIMARY KEY, "value" character varying, "created_at" timestamp NOT NULL, "updated_at" timestamp NOT NULL)[0m
  [1m[35m (0.3ms)[0m  [1m[34mSELECT pg_try_advisory_lock(7634328003660299550)[0m
  [1m[35m (0.6ms)[0m  [1m[34mSELECT "schema_migrations"."version" FROM "schema_migrations" ORDER BY "schema_migrations"."version" ASC[0m
Migrating to CreateVenues (20170908014019)
  [1m[35m (0.1ms)[0m  [1m[35mBEGIN[0m
  [1m[35m (43.6ms)[0m  [1m[35mCREATE TABLE "venues" ("id" bigserial primary key, "name" character varying, "address" character varying, "neighborhood" character varying, "capacity" character varying, "created_at" timestamp NOT NULL, "updated_at" timestamp NOT NULL)[0m
  [1m[35mSQL (0.4ms)[0m  [1m[32mINSERT INTO "schema_migrations" ("version") VALUES ($1) RETURNING "version"[0m  [["version", "20170908014019"]]
  [1m[35m (0.5ms)[0m  [1m[35mCOMMIT[0m
Migrating to CreateShows (20170908014240)
  [1m[35m (0.2ms)[0m  [1m[35mBEGIN[0m
  [1m[35m (2.6ms)[0m  [1m[35mCREATE TABLE "shows" ("id" bigserial primary key, "headliner" character varying, "openers" character varying, "date" date, "time" time, "price" integer, "soldout" boolean, "genre" character varying, "ages" character varying, "created_at" timestamp NOT NULL, "updated_at" timestamp NOT NULL)[0m
  [1m[35mSQL (0.3ms)[0m  [1m[32mINSERT INTO "schema_migrations" ("version") VALUES ($1) RETURNING "version"[0m  [["version", "20170908014240"]]
  [1m[35m (0.4ms)[0m  [1m[35mCOMMIT[0m
Migrating to AddForeignKeyToShows (20170908014255)
  [1m[35m (0.3ms)[0m  [1m[35mBEGIN[0m
  [1m[35m (9.1ms)[0m  [1m[35mALTER TABLE "shows" ADD "venue_id" integer[0m
  [1m[35mSQL (0.2ms)[0m  [1m[32mINSERT INTO "schema_migrations" ("version") VALUES ($1) RETURNING "version"[0m  [["version", "20170908014255"]]
  [1m[35m (0.4ms)[0m  [1m[35mCOMMIT[0m
  [1m[36mActiveRecord::InternalMetadata Load (0.3ms)[0m  [1m[34mSELECT  "ar_internal_metadata".* FROM "ar_internal_metadata" WHERE "ar_internal_metadata"."key" = $1 LIMIT $2[0m  [["key", "environment"], ["LIMIT", 1]]
  [1m[35m (0.2ms)[0m  [1m[35mBEGIN[0m
  [1m[35mSQL (13.4ms)[0m  [1m[32mINSERT INTO "ar_internal_metadata" ("key", "value", "created_at", "updated_at") VALUES ($1, $2, $3, $4) RETURNING "key"[0m  [["key", "environment"], ["value", "development"], ["created_at", "2017-09-08 15:57:13.167132"], ["updated_at", "2017-09-08 15:57:13.167132"]]
  [1m[35m (0.5ms)[0m  [1m[35mCOMMIT[0m
  [1m[35m (0.3ms)[0m  [1m[34mSELECT pg_advisory_unlock(7634328003660299550)[0m
  [1m[35m (0.2ms)[0m  [1m[34mSELECT "schema_migrations"."version" FROM "schema_migrations" ORDER BY "schema_migrations"."version" ASC[0m
Started GET "/" for 127.0.0.1 at 2017-09-08 08:57:23 -0700
  [1m[35m (0.5ms)[0m  [1m[34mSELECT "schema_migrations"."version" FROM "schema_migrations" ORDER BY "schema_migrations"."version" ASC[0m
Processing by Rails::WelcomeController#index as HTML
  Rendering /Users/dpgardne/.rbenv/versions/2.4.1/lib/ruby/gems/2.4.0/gems/railties-5.1.3/lib/rails/templates/rails/welcome/index.html.erb
  Rendered /Users/dpgardne/.rbenv/versions/2.4.1/lib/ruby/gems/2.4.0/gems/railties-5.1.3/lib/rails/templates/rails/welcome/index.html.erb (3.4ms)
Completed 200 OK in 17ms (Views: 9.0ms | ActiveRecord: 0.0ms)


Started GET "/shows" for 127.0.0.1 at 2017-09-08 08:57:34 -0700
Processing by ShowsController#index as HTML
  [1m[36mShow Load (0.6ms)[0m  [1m[34mSELECT "shows".* FROM "shows"[0m
Completed 200 OK in 25ms (Views: 6.8ms | ActiveRecord: 7.3ms)


Started GET "/" for 127.0.0.1 at 2017-09-08 09:20:58 -0700
  [1m[35m (1.4ms)[0m  [1m[34mSELECT "schema_migrations"."version" FROM "schema_migrations" ORDER BY "schema_migrations"."version" ASC[0m
Processing by Rails::WelcomeController#index as HTML
  Rendering /Users/dpgardne/.rbenv/versions/2.4.1/lib/ruby/gems/2.4.0/gems/railties-5.1.3/lib/rails/templates/rails/welcome/index.html.erb
  Rendered /Users/dpgardne/.rbenv/versions/2.4.1/lib/ruby/gems/2.4.0/gems/railties-5.1.3/lib/rails/templates/rails/welcome/index.html.erb (3.6ms)
Completed 200 OK in 11ms (Views: 8.6ms | ActiveRecord: 0.0ms)


Started GET "/" for 127.0.0.1 at 2017-09-08 09:47:58 -0700
Processing by Rails::WelcomeController#index as HTML
  Rendering /Users/dpgardne/.rbenv/versions/2.4.1/lib/ruby/gems/2.4.0/gems/railties-5.1.3/lib/rails/templates/rails/welcome/index.html.erb
  Rendered /Users/dpgardne/.rbenv/versions/2.4.1/lib/ruby/gems/2.4.0/gems/railties-5.1.3/lib/rails/templates/rails/welcome/index.html.erb (3.2ms)
Completed 200 OK in 27ms (Views: 6.5ms | ActiveRecord: 0.0ms)


Started GET "/" for 127.0.0.1 at 2017-09-08 11:04:11 -0700
Processing by Rails::WelcomeController#index as HTML
  Rendering /Users/dpgardne/.rbenv/versions/2.4.1/lib/ruby/gems/2.4.0/gems/railties-5.1.3/lib/rails/templates/rails/welcome/index.html.erb
  Rendered /Users/dpgardne/.rbenv/versions/2.4.1/lib/ruby/gems/2.4.0/gems/railties-5.1.3/lib/rails/templates/rails/welcome/index.html.erb (3.1ms)
Completed 200 OK in 73ms (Views: 6.4ms | ActiveRecord: 0.0ms)


Started GET "/events/index" for 127.0.0.1 at 2017-09-08 11:04:25 -0700
Processing by EventsController#index as HTML
Completed 500 Internal Server Error in 1ms (ActiveRecord: 0.0ms)


  
NameError (uninitialized constant EventsController::Events):
  
app/controllers/events_controller.rb:4:in `index'
Started GET "/events/index" for 127.0.0.1 at 2017-09-08 11:04:47 -0700
Processing by EventsController#index as HTML
Completed 204 No Content in 0ms (ActiveRecord: 0.0ms)


Started GET "/events/index" for 127.0.0.1 at 2017-09-08 11:04:51 -0700
Processing by EventsController#index as HTML
Completed 204 No Content in 0ms (ActiveRecord: 0.0ms)


Started GET "/events/index" for 127.0.0.1 at 2017-09-08 11:04:55 -0700
Processing by EventsController#index as HTML
Completed 204 No Content in 0ms (ActiveRecord: 0.0ms)


Started GET "/events/index" for 127.0.0.1 at 2017-09-08 11:05:05 -0700
Processing by EventsController#index as HTML
Completed 204 No Content in 0ms (ActiveRecord: 0.0ms)


Started GET "/events/index" for 127.0.0.1 at 2017-09-08 11:05:12 -0700
Processing by EventsController#index as HTML
Completed 204 No Content in 0ms (ActiveRecord: 0.0ms)


Started GET "/" for 127.0.0.1 at 2017-09-08 11:05:16 -0700
Processing by Rails::WelcomeController#index as HTML
  Rendering /Users/dpgardne/.rbenv/versions/2.4.1/lib/ruby/gems/2.4.0/gems/railties-5.1.3/lib/rails/templates/rails/welcome/index.html.erb
  Rendered /Users/dpgardne/.rbenv/versions/2.4.1/lib/ruby/gems/2.4.0/gems/railties-5.1.3/lib/rails/templates/rails/welcome/index.html.erb (2.7ms)
Completed 200 OK in 9ms (Views: 5.6ms | ActiveRecord: 0.0ms)


Started GET "/events" for 127.0.0.1 at 2017-09-08 11:05:18 -0700
  
ActionController::RoutingError (No route matches [GET] "/events"):
  
actionpack (5.1.3) lib/action_dispatch/middleware/debug_exceptions.rb:63:in `call'
actionpack (5.1.3) lib/action_dispatch/middleware/show_exceptions.rb:31:in `call'
railties (5.1.3) lib/rails/rack/logger.rb:36:in `call_app'
railties (5.1.3) lib/rails/rack/logger.rb:24:in `block in call'
activesupport (5.1.3) lib/active_support/tagged_logging.rb:69:in `block in tagged'
activesupport (5.1.3) lib/active_support/tagged_logging.rb:26:in `tagged'
activesupport (5.1.3) lib/active_support/tagged_logging.rb:69:in `tagged'
railties (5.1.3) lib/rails/rack/logger.rb:24:in `call'
actionpack (5.1.3) lib/action_dispatch/middleware/remote_ip.rb:79:in `call'
actionpack (5.1.3) lib/action_dispatch/middleware/request_id.rb:25:in `call'
rack (2.0.3) lib/rack/runtime.rb:22:in `call'
activesupport (5.1.3) lib/active_support/cache/strategy/local_cache_middleware.rb:27:in `call'
actionpack (5.1.3) lib/action_dispatch/middleware/executor.rb:12:in `call'
actionpack (5.1.3) lib/action_dispatch/middleware/static.rb:125:in `call'
rack (2.0.3) lib/rack/sendfile.rb:111:in `call'
railties (5.1.3) lib/rails/engine.rb:522:in `call'
puma (3.10.0) lib/puma/configuration.rb:225:in `call'
puma (3.10.0) lib/puma/server.rb:605:in `handle_request'
puma (3.10.0) lib/puma/server.rb:437:in `process_client'
puma (3.10.0) lib/puma/server.rb:301:in `block in run'
puma (3.10.0) lib/puma/thread_pool.rb:120:in `block in spawn_thread'
Started GET "/events/index" for 127.0.0.1 at 2017-09-08 11:05:21 -0700
Processing by EventsController#index as HTML
Completed 204 No Content in 0ms (ActiveRecord: 0.0ms)


Started GET "/events/index" for 127.0.0.1 at 2017-09-08 11:10:24 -0700
  [1m[35m (50.8ms)[0m  [1m[34mSELECT "schema_migrations"."version" FROM "schema_migrations" ORDER BY "schema_migrations"."version" ASC[0m
Processing by EventsController#index as HTML
Completed 500 Internal Server Error in 1ms (ActiveRecord: 0.0ms)


  
NameError (uninitialized constant EventsController::HTTParty):
  
app/controllers/events_controller.rb:3:in `index'
Started GET "/events/index" for 127.0.0.1 at 2017-09-08 11:10:51 -0700
Processing by EventsController#index as HTML
Started GET "/events/index" for 127.0.0.1 at 2017-09-08 11:11:01 -0700
Started GET "/events/index" for 127.0.0.1 at 2017-09-08 11:11:01 -0700
Started GET "/events/index" for 127.0.0.1 at 2017-09-08 11:11:01 -0700
Completed 500 Internal Server Error in 1ms (ActiveRecord: 0.0ms)


Started GET "/events/index" for 127.0.0.1 at 2017-09-08 11:11:01 -0700
  
Processing by EventsController#index as HTML
NameError (uninitialized constant EventsController::HTTParty):
Completed 500 Internal Server Error in 1ms (ActiveRecord: 0.0ms)


  
  
app/controllers/events_controller.rb:3:in `index'
NameError (uninitialized constant EventsController::HTTParty):
  
app/controllers/events_controller.rb:3:in `index'
Processing by EventsController#index as HTML
Processing by EventsController#index as HTML
Processing by EventsController#index as HTML
Started GET "/events/index" for 127.0.0.1 at 2017-09-08 11:11:02 -0700
Started GET "/events/index" for 127.0.0.1 at 2017-09-08 11:11:02 -0700
Completed 500 Internal Server Error in 1ms (ActiveRecord: 0.0ms)


Completed 500 Internal Server Error in 1ms (ActiveRecord: 0.0ms)


Completed 500 Internal Server Error in 0ms (ActiveRecord: 0.0ms)


Processing by EventsController#index as HTML
Processing by EventsController#index as HTML
  
  
  
Completed 500 Internal Server Error in 1ms (ActiveRecord: 0.0ms)


Completed 500 Internal Server Error in 1ms (ActiveRecord: 0.0ms)


NameError (uninitialized constant EventsController::HTTParty):
NameError (uninitialized constant EventsController::HTTParty):
NameError (uninitialized constant EventsController::HTTParty):
  
  
  
  
  
NameError (uninitialized constant EventsController::HTTParty):
NameError (uninitialized constant EventsController::HTTParty):
app/controllers/events_controller.rb:3:in `index'
app/controllers/events_controller.rb:3:in `index'
app/controllers/events_controller.rb:3:in `index'
  
  
app/controllers/events_controller.rb:3:in `index'
app/controllers/events_controller.rb:3:in `index'
Started GET "/events/index" for 127.0.0.1 at 2017-09-08 11:11:09 -0700
Processing by EventsController#index as HTML
Completed 500 Internal Server Error in 1ms (ActiveRecord: 0.0ms)


  
NameError (uninitialized constant EventsController::HTTParty):
  
app/controllers/events_controller.rb:3:in `index'
Started GET "/" for 127.0.0.1 at 2017-09-08 11:16:02 -0700
  [1m[35m (0.5ms)[0m  [1m[34mSELECT "schema_migrations"."version" FROM "schema_migrations" ORDER BY "schema_migrations"."version" ASC[0m
Processing by Rails::WelcomeController#index as HTML
  Rendering /Users/dpgardne/.rbenv/versions/2.4.1/lib/ruby/gems/2.4.0/gems/railties-5.1.3/lib/rails/templates/rails/welcome/index.html.erb
  Rendered /Users/dpgardne/.rbenv/versions/2.4.1/lib/ruby/gems/2.4.0/gems/railties-5.1.3/lib/rails/templates/rails/welcome/index.html.erb (3.6ms)
Completed 200 OK in 19ms (Views: 16.3ms | ActiveRecord: 0.0ms)


Started GET "/events/index" for 127.0.0.1 at 2017-09-08 11:16:08 -0700
  
LoadError (cannot load such file -- httparty):
  
app/controllers/events_controller.rb:2:in `<top (required)>'
Started GET "/events/index" for 127.0.0.1 at 2017-09-08 11:16:14 -0700
  
LoadError (cannot load such file -- httparty):
  
app/controllers/events_controller.rb:2:in `<top (required)>'
Started GET "/events/" for 127.0.0.1 at 2017-09-08 11:16:16 -0700
  
ActionController::RoutingError (No route matches [GET] "/events"):
  
actionpack (5.1.3) lib/action_dispatch/middleware/debug_exceptions.rb:63:in `call'
actionpack (5.1.3) lib/action_dispatch/middleware/show_exceptions.rb:31:in `call'
railties (5.1.3) lib/rails/rack/logger.rb:36:in `call_app'
railties (5.1.3) lib/rails/rack/logger.rb:24:in `block in call'
activesupport (5.1.3) lib/active_support/tagged_logging.rb:69:in `block in tagged'
activesupport (5.1.3) lib/active_support/tagged_logging.rb:26:in `tagged'
activesupport (5.1.3) lib/active_support/tagged_logging.rb:69:in `tagged'
railties (5.1.3) lib/rails/rack/logger.rb:24:in `call'
actionpack (5.1.3) lib/action_dispatch/middleware/remote_ip.rb:79:in `call'
actionpack (5.1.3) lib/action_dispatch/middleware/request_id.rb:25:in `call'
rack (2.0.3) lib/rack/runtime.rb:22:in `call'
activesupport (5.1.3) lib/active_support/cache/strategy/local_cache_middleware.rb:27:in `call'
actionpack (5.1.3) lib/action_dispatch/middleware/executor.rb:12:in `call'
actionpack (5.1.3) lib/action_dispatch/middleware/static.rb:125:in `call'
rack (2.0.3) lib/rack/sendfile.rb:111:in `call'
railties (5.1.3) lib/rails/engine.rb:522:in `call'
puma (3.10.0) lib/puma/configuration.rb:225:in `call'
puma (3.10.0) lib/puma/server.rb:605:in `handle_request'
puma (3.10.0) lib/puma/server.rb:437:in `process_client'
puma (3.10.0) lib/puma/server.rb:301:in `block in run'
puma (3.10.0) lib/puma/thread_pool.rb:120:in `block in spawn_thread'
Started GET "/events/index" for 127.0.0.1 at 2017-09-08 11:16:26 -0700
  
LoadError (cannot load such file -- httparty):
  
app/controllers/events_controller.rb:2:in `<top (required)>'
Started GET "/events/index" for 127.0.0.1 at 2017-09-08 11:18:22 -0700
  [1m[35m (0.5ms)[0m  [1m[34mSELECT "schema_migrations"."version" FROM "schema_migrations" ORDER BY "schema_migrations"."version" ASC[0m
Processing by EventsController#index as HTML
Completed 204 No Content in 2212ms (ActiveRecord: 0.0ms)


Started GET "/events/index" for 127.0.0.1 at 2017-09-08 11:19:41 -0700
Processing by EventsController#index as HTML
Completed 204 No Content in 2051ms (ActiveRecord: 0.0ms)


Started GET "/events/" for 127.0.0.1 at 2017-09-08 11:19:49 -0700
  
ActionController::RoutingError (No route matches [GET] "/events"):
  
actionpack (5.1.3) lib/action_dispatch/middleware/debug_exceptions.rb:63:in `call'
actionpack (5.1.3) lib/action_dispatch/middleware/show_exceptions.rb:31:in `call'
railties (5.1.3) lib/rails/rack/logger.rb:36:in `call_app'
railties (5.1.3) lib/rails/rack/logger.rb:24:in `block in call'
activesupport (5.1.3) lib/active_support/tagged_logging.rb:69:in `block in tagged'
activesupport (5.1.3) lib/active_support/tagged_logging.rb:26:in `tagged'
activesupport (5.1.3) lib/active_support/tagged_logging.rb:69:in `tagged'
railties (5.1.3) lib/rails/rack/logger.rb:24:in `call'
actionpack (5.1.3) lib/action_dispatch/middleware/remote_ip.rb:79:in `call'
actionpack (5.1.3) lib/action_dispatch/middleware/request_id.rb:25:in `call'
rack (2.0.3) lib/rack/runtime.rb:22:in `call'
activesupport (5.1.3) lib/active_support/cache/strategy/local_cache_middleware.rb:27:in `call'
actionpack (5.1.3) lib/action_dispatch/middleware/executor.rb:12:in `call'
actionpack (5.1.3) lib/action_dispatch/middleware/static.rb:125:in `call'
rack (2.0.3) lib/rack/sendfile.rb:111:in `call'
railties (5.1.3) lib/rails/engine.rb:522:in `call'
puma (3.10.0) lib/puma/configuration.rb:225:in `call'
puma (3.10.0) lib/puma/server.rb:605:in `handle_request'
puma (3.10.0) lib/puma/server.rb:437:in `process_client'
puma (3.10.0) lib/puma/server.rb:301:in `block in run'
puma (3.10.0) lib/puma/thread_pool.rb:120:in `block in spawn_thread'
Started GET "/events/index" for 127.0.0.1 at 2017-09-08 11:20:14 -0700
Processing by EventsController#index as HTML
Completed 204 No Content in 2178ms (ActiveRecord: 0.0ms)


Started GET "/events/index" for 127.0.0.1 at 2017-09-08 11:21:34 -0700
  
SyntaxError (/Users/dpgardne/Desktop/tour206backend/tour206_api/app/controllers/events_controller.rb:6: syntax error, unexpected '\n', expecting =>
/Users/dpgardne/Desktop/tour206backend/tour206_api/app/controllers/events_controller.rb:8: syntax error, unexpected '}', expecting keyword_end):
  
app/controllers/events_controller.rb:6: syntax error, unexpected '\n', expecting =>
app/controllers/events_controller.rb:8: syntax error, unexpected '}', expecting keyword_end
Started GET "/events/index" for 127.0.0.1 at 2017-09-08 11:21:36 -0700
  
SyntaxError (/Users/dpgardne/Desktop/tour206backend/tour206_api/app/controllers/events_controller.rb:6: syntax error, unexpected '\n', expecting =>
/Users/dpgardne/Desktop/tour206backend/tour206_api/app/controllers/events_controller.rb:8: syntax error, unexpected '}', expecting keyword_end):
  
app/controllers/events_controller.rb:6: syntax error, unexpected '\n', expecting =>
app/controllers/events_controller.rb:8: syntax error, unexpected '}', expecting keyword_end
Started GET "/events/index" for 127.0.0.1 at 2017-09-08 11:21:38 -0700
  
SyntaxError (/Users/dpgardne/Desktop/tour206backend/tour206_api/app/controllers/events_controller.rb:6: syntax error, unexpected '\n', expecting =>
/Users/dpgardne/Desktop/tour206backend/tour206_api/app/controllers/events_controller.rb:8: syntax error, unexpected '}', expecting keyword_end):
  
app/controllers/events_controller.rb:6: syntax error, unexpected '\n', expecting =>
app/controllers/events_controller.rb:8: syntax error, unexpected '}', expecting keyword_end
Started GET "/events/index" for 127.0.0.1 at 2017-09-08 11:22:14 -0700
  [1m[35m (0.5ms)[0m  [1m[34mSELECT "schema_migrations"."version" FROM "schema_migrations" ORDER BY "schema_migrations"."version" ASC[0m
Processing by EventsController#index as HTML
Completed 204 No Content in 2257ms (ActiveRecord: 0.0ms)


Started GET "/events/index" for 127.0.0.1 at 2017-09-08 11:22:56 -0700
  [1m[35m (0.5ms)[0m  [1m[34mSELECT "schema_migrations"."version" FROM "schema_migrations" ORDER BY "schema_migrations"."version" ASC[0m
Processing by EventsController#index as HTML
Completed 204 No Content in 2177ms (ActiveRecord: 0.0ms)


Started GET "/events/index" for 127.0.0.1 at 2017-09-08 11:27:14 -0700
Processing by EventsController#index as HTML
Completed 204 No Content in 1890ms (ActiveRecord: 0.0ms)


Started GET "/events/index" for 127.0.0.1 at 2017-09-08 11:27:33 -0700
  [1m[35m (0.5ms)[0m  [1m[34mSELECT "schema_migrations"."version" FROM "schema_migrations" ORDER BY "schema_migrations"."version" ASC[0m
Processing by EventsController#index as HTML
Completed 204 No Content in 2253ms (ActiveRecord: 0.0ms)


Started GET "/events/index" for 127.0.0.1 at 2017-09-08 11:28:02 -0700
Processing by EventsController#index as HTML
Completed 204 No Content in 1872ms (ActiveRecord: 0.0ms)


Started GET "/events/index" for 127.0.0.1 at 2017-09-08 11:31:49 -0700
  
SyntaxError (/Users/dpgardne/Desktop/tour206backend/tour206_api/app/controllers/events_controller.rb:7: syntax error, unexpected ',', expecting =>
render json: {response.body, response.message}
                            ^
/Users/dpgardne/Desktop/tour206backend/tour206_api/app/controllers/events_controller.rb:7: syntax error, unexpected '}', expecting keyword_end
sponse.body, response.message}
                              ^):
  
app/controllers/events_controller.rb:7: syntax error, unexpected ',', expecting =>
app/controllers/events_controller.rb:7: syntax error, unexpected '}', expecting keyword_end
Started GET "/events/index" for 127.0.0.1 at 2017-09-08 11:31:51 -0700
  
SyntaxError (/Users/dpgardne/Desktop/tour206backend/tour206_api/app/controllers/events_controller.rb:7: syntax error, unexpected ',', expecting =>
render json: {response.body, response.message}
                            ^
/Users/dpgardne/Desktop/tour206backend/tour206_api/app/controllers/events_controller.rb:7: syntax error, unexpected '}', expecting keyword_end
sponse.body, response.message}
                              ^):
  
app/controllers/events_controller.rb:7: syntax error, unexpected ',', expecting =>
app/controllers/events_controller.rb:7: syntax error, unexpected '}', expecting keyword_end
Started GET "/events/index" for 127.0.0.1 at 2017-09-08 11:31:52 -0700
  
SyntaxError (/Users/dpgardne/Desktop/tour206backend/tour206_api/app/controllers/events_controller.rb:7: syntax error, unexpected ',', expecting =>
render json: {response.body, response.message}
                            ^
/Users/dpgardne/Desktop/tour206backend/tour206_api/app/controllers/events_controller.rb:7: syntax error, unexpected '}', expecting keyword_end
sponse.body, response.message}
                              ^):
  
app/controllers/events_controller.rb:7: syntax error, unexpected ',', expecting =>
app/controllers/events_controller.rb:7: syntax error, unexpected '}', expecting keyword_end
Started GET "/events/index" for 127.0.0.1 at 2017-09-08 11:32:05 -0700
  
SyntaxError (/Users/dpgardne/Desktop/tour206backend/tour206_api/app/controllers/events_controller.rb:7: syntax error, unexpected ',', expecting =>
render json: {response.body, response.message}
                            ^
/Users/dpgardne/Desktop/tour206backend/tour206_api/app/controllers/events_controller.rb:7: syntax error, unexpected '}', expecting keyword_end
sponse.body, response.message}
                              ^):
  
app/controllers/events_controller.rb:7: syntax error, unexpected ',', expecting =>
app/controllers/events_controller.rb:7: syntax error, unexpected '}', expecting keyword_end
Started GET "/events/index" for 127.0.0.1 at 2017-09-08 11:32:55 -0700
  
SyntaxError (/Users/dpgardne/Desktop/tour206backend/tour206_api/app/controllers/events_controller.rb:7: syntax error, unexpected ',', expecting =>
: {status: 200, response.body, response.message}
                              ^
/Users/dpgardne/Desktop/tour206backend/tour206_api/app/controllers/events_controller.rb:7: syntax error, unexpected '}', expecting keyword_end
sponse.body, response.message}
                              ^):
  
app/controllers/events_controller.rb:7: syntax error, unexpected ',', expecting =>
app/controllers/events_controller.rb:7: syntax error, unexpected '}', expecting keyword_end
Started GET "/events/index" for 127.0.0.1 at 2017-09-08 11:32:57 -0700
  
SyntaxError (/Users/dpgardne/Desktop/tour206backend/tour206_api/app/controllers/events_controller.rb:7: syntax error, unexpected ',', expecting =>
: {status: 200, response.body, response.message}
                              ^
/Users/dpgardne/Desktop/tour206backend/tour206_api/app/controllers/events_controller.rb:7: syntax error, unexpected '}', expecting keyword_end
sponse.body, response.message}
                              ^):
  
app/controllers/events_controller.rb:7: syntax error, unexpected ',', expecting =>
app/controllers/events_controller.rb:7: syntax error, unexpected '}', expecting keyword_end
Started GET "/events/index" for 127.0.0.1 at 2017-09-08 11:33:21 -0700
  
SyntaxError (/Users/dpgardne/Desktop/tour206backend/tour206_api/app/controllers/events_controller.rb:7: syntax error, unexpected ',', expecting =>
render json: {response.body, response.message}
                            ^
/Users/dpgardne/Desktop/tour206backend/tour206_api/app/controllers/events_controller.rb:7: syntax error, unexpected '}', expecting keyword_end
sponse.body, response.message}
                              ^):
  
app/controllers/events_controller.rb:7: syntax error, unexpected ',', expecting =>
app/controllers/events_controller.rb:7: syntax error, unexpected '}', expecting keyword_end
Started GET "/events/index" for 127.0.0.1 at 2017-09-08 11:33:34 -0700
  [1m[35m (0.5ms)[0m  [1m[34mSELECT "schema_migrations"."version" FROM "schema_migrations" ORDER BY "schema_migrations"."version" ASC[0m
  
SyntaxError (/Users/dpgardne/Desktop/tour206backend/tour206_api/app/controllers/events_controller.rb:7: syntax error, unexpected ',', expecting =>
render json: {response.body, response.message}
                            ^
/Users/dpgardne/Desktop/tour206backend/tour206_api/app/controllers/events_controller.rb:7: syntax error, unexpected '}', expecting keyword_end
sponse.body, response.message}
                              ^):
  
app/controllers/events_controller.rb:7: syntax error, unexpected ',', expecting =>
app/controllers/events_controller.rb:7: syntax error, unexpected '}', expecting keyword_end
Started GET "/events/index" for 127.0.0.1 at 2017-09-08 11:35:44 -0700
Processing by EventsController#index as HTML
Completed 204 No Content in 2162ms (ActiveRecord: 0.0ms)


Started GET "/events/index" for 127.0.0.1 at 2017-09-08 11:36:21 -0700
  [1m[35m (0.8ms)[0m  [1m[34mSELECT "schema_migrations"."version" FROM "schema_migrations" ORDER BY "schema_migrations"."version" ASC[0m
Processing by EventsController#index as HTML
Completed 204 No Content in 2131ms (ActiveRecord: 0.0ms)


Started GET "/events/index" for 127.0.0.1 at 2017-09-08 11:43:35 -0700
Processing by EventsController#index as HTML
Completed 200 OK in 2844ms (Views: 17.2ms | ActiveRecord: 0.0ms)


Started GET "/events/index" for 127.0.0.1 at 2017-09-08 11:58:47 -0700
Processing by EventsController#index as HTML
Completed 200 OK in 2002ms (Views: 16.8ms | ActiveRecord: 0.0ms)


Started GET "/events/index" for 127.0.0.1 at 2017-09-08 12:11:54 -0700
Processing by EventsController#index as HTML
Completed 200 OK in 2115ms (Views: 18.2ms | ActiveRecord: 0.0ms)


Started GET "/events/index" for 127.0.0.1 at 2017-09-08 12:12:53 -0700
Processing by EventsController#index as HTML
Completed 200 OK in 2198ms (Views: 17.8ms | ActiveRecord: 0.0ms)


Started GET "/events/index" for 127.0.0.1 at 2017-09-08 12:14:15 -0700
Processing by EventsController#index as HTML
Completed 500 Internal Server Error in 1538ms (ActiveRecord: 0.0ms)


  
NoMethodError (undefined method `data' for #<String:0x007ff4493e0338>):
  
app/controllers/events_controller.rb:8:in `index'
Started GET "/events/index" for 127.0.0.1 at 2017-09-08 12:14:29 -0700
  
SyntaxError (/Users/dpgardne/Desktop/tour206backend/tour206_api/app/controllers/events_controller.rb:8: syntax error, unexpected ',', expecting =>
der json: {response.body.data, message: response.message }
                              ^
/Users/dpgardne/Desktop/tour206backend/tour206_api/app/controllers/events_controller.rb:8: syntax error, unexpected '}', expecting keyword_end
a, message: response.message }
                              ^):
  
app/controllers/events_controller.rb:8: syntax error, unexpected ',', expecting =>
app/controllers/events_controller.rb:8: syntax error, unexpected '}', expecting keyword_end
Started GET "/events/index" for 127.0.0.1 at 2017-09-08 12:14:40 -0700
Processing by EventsController#index as HTML
Completed 500 Internal Server Error in 2037ms (ActiveRecord: 0.0ms)


  
NoMethodError (undefined method `data' for #<String:0x007ff448fe1b10>):
  
app/controllers/events_controller.rb:8:in `index'
Started GET "/events/index" for 127.0.0.1 at 2017-09-08 12:14:57 -0700
Processing by EventsController#index as HTML
Completed 200 OK in 1816ms (Views: 18.3ms | ActiveRecord: 0.0ms)


Started GET "/events/index" for 127.0.0.1 at 2017-09-08 12:17:26 -0700
Processing by EventsController#index as HTML
Completed 500 Internal Server Error in 2178ms (ActiveRecord: 0.0ms)


  
NoMethodError (undefined method `body' for #<Hash:0x007ff44b8d3528>):
  
app/controllers/events_controller.rb:8:in `index'
Started GET "/events/index" for 127.0.0.1 at 2017-09-08 12:17:28 -0700
Processing by EventsController#index as HTML
Completed 500 Internal Server Error in 2109ms (ActiveRecord: 0.0ms)


  
NoMethodError (undefined method `body' for #<Hash:0x007ff44bceb070>):
  
app/controllers/events_controller.rb:8:in `index'
Started GET "/events/index" for 127.0.0.1 at 2017-09-08 12:18:58 -0700
  
SyntaxError (/Users/dpgardne/Desktop/tour206backend/tour206_api/app/controllers/events_controller.rb:11: syntax error, unexpected end-of-input, expecting keyword_end):
  
app/controllers/events_controller.rb:11: syntax error, unexpected end-of-input, expecting keyword_end
Started GET "/events/index" for 127.0.0.1 at 2017-09-08 12:19:04 -0700
  
SyntaxError (/Users/dpgardne/Desktop/tour206backend/tour206_api/app/controllers/events_controller.rb:11: syntax error, unexpected end-of-input, expecting keyword_end):
  
app/controllers/events_controller.rb:11: syntax error, unexpected end-of-input, expecting keyword_end
Started GET "/events/index" for 127.0.0.1 at 2017-09-08 12:19:08 -0700
  
SyntaxError (/Users/dpgardne/Desktop/tour206backend/tour206_api/app/controllers/events_controller.rb:11: syntax error, unexpected end-of-input, expecting keyword_end):
  
app/controllers/events_controller.rb:11: syntax error, unexpected end-of-input, expecting keyword_end
Started GET "/events/index" for 127.0.0.1 at 2017-09-08 12:19:08 -0700
  
SyntaxError (/Users/dpgardne/Desktop/tour206backend/tour206_api/app/controllers/events_controller.rb:11: syntax error, unexpected end-of-input, expecting keyword_end):
  
app/controllers/events_controller.rb:11: syntax error, unexpected end-of-input, expecting keyword_end
Started GET "/events/index" for 127.0.0.1 at 2017-09-08 12:19:08 -0700
  
SyntaxError (/Users/dpgardne/Desktop/tour206backend/tour206_api/app/controllers/events_controller.rb:11: syntax error, unexpected end-of-input, expecting keyword_end):
  
app/controllers/events_controller.rb:11: syntax error, unexpected end-of-input, expecting keyword_end
Started GET "/events/index" for 127.0.0.1 at 2017-09-08 12:19:31 -0700
  
SyntaxError (/Users/dpgardne/Desktop/tour206backend/tour206_api/app/controllers/events_controller.rb:12: syntax error, unexpected end-of-input, expecting keyword_end):
  
app/controllers/events_controller.rb:12: syntax error, unexpected end-of-input, expecting keyword_end
Started GET "/events/index" for 127.0.0.1 at 2017-09-08 12:19:32 -0700
  
SyntaxError (/Users/dpgardne/Desktop/tour206backend/tour206_api/app/controllers/events_controller.rb:12: syntax error, unexpected end-of-input, expecting keyword_end):
  
app/controllers/events_controller.rb:12: syntax error, unexpected end-of-input, expecting keyword_end
Started GET "/events/index" for 127.0.0.1 at 2017-09-08 12:19:47 -0700
Processing by EventsController#index as HTML
Completed 500 Internal Server Error in 2431ms (ActiveRecord: 0.0ms)


  
NoMethodError (undefined method `respond_to' for #<EventsController:0x007ff448eefe28>
Did you mean?  respond_to?):
  
app/controllers/events_controller.rb:7:in `index'
Started GET "/events/index" for 127.0.0.1 at 2017-09-08 12:20:10 -0700
Processing by EventsController#index as HTML
Completed 500 Internal Server Error in 2375ms (ActiveRecord: 0.0ms)


  
ArgumentError (wrong number of arguments (given 0, expected 1..2)):
  
app/controllers/events_controller.rb:7:in `respond_to?'
app/controllers/events_controller.rb:7:in `index'
Started GET "/events/index" for 127.0.0.1 at 2017-09-08 12:20:13 -0700
Processing by EventsController#index as HTML
Completed 500 Internal Server Error in 2028ms (ActiveRecord: 0.0ms)


  
ArgumentError (wrong number of arguments (given 0, expected 1..2)):
  
app/controllers/events_controller.rb:7:in `respond_to?'
app/controllers/events_controller.rb:7:in `index'
Started GET "/events/index" for 127.0.0.1 at 2017-09-08 12:20:35 -0700
Processing by EventsController#index as HTML
Completed 500 Internal Server Error in 1796ms (ActiveRecord: 0.0ms)


  
NoMethodError (undefined method `respond_to' for #<EventsController:0x007ff449439b40>
Did you mean?  respond_to?):
  
app/controllers/events_controller.rb:7:in `index'
Started GET "/events/index" for 127.0.0.1 at 2017-09-08 12:20:45 -0700
Processing by EventsController#index as HTML
Completed 500 Internal Server Error in 1995ms (ActiveRecord: 0.0ms)


  
ArgumentError (wrong number of arguments (given 0, expected 1..2)):
  
app/controllers/events_controller.rb:7:in `respond_to?'
app/controllers/events_controller.rb:7:in `index'
Started GET "/events/index" for 127.0.0.1 at 2017-09-08 12:30:03 -0700
Processing by EventsController#index as HTML
Completed 200 OK in 2141ms (Views: 17.1ms | ActiveRecord: 0.0ms)


Started GET "/events/index" for 127.0.0.1 at 2017-09-08 12:30:25 -0700
Processing by EventsController#index as HTML
Completed 200 OK in 1768ms (Views: 16.1ms | ActiveRecord: 0.0ms)


Started GET "/events/index" for 127.0.0.1 at 2017-09-08 12:49:03 -0700
Processing by EventsController#index as HTML
Completed 500 Internal Server Error in 2165ms (ActiveRecord: 0.0ms)


  
NoMethodError (undefined method `pretty_generate' for #<EventsController:0x007ff448feadf0>
Did you mean?  pretty_print):
  
app/controllers/events_controller.rb:12:in `index'
Started GET "/events/index" for 127.0.0.1 at 2017-09-08 12:49:59 -0700
Processing by EventsController#index as HTML
Completed 200 OK in 2252ms (Views: 19.0ms | ActiveRecord: 0.0ms)


Started GET "/events/index" for 127.0.0.1 at 2017-09-08 12:50:58 -0700
Processing by EventsController#index as HTML
Completed 200 OK in 2303ms (Views: 14.3ms | ActiveRecord: 0.0ms)


Started GET "/events/index" for 127.0.0.1 at 2017-09-08 12:51:59 -0700
Processing by EventsController#index as HTML
Completed 500 Internal Server Error in 2091ms (Views: 15.4ms | ActiveRecord: 0.0ms)


  
JSON::GeneratorError (only generation of JSON objects or arrays allowed):
  
app/controllers/events_controller.rb:14:in `index'
Started GET "/events/index" for 127.0.0.1 at 2017-09-08 12:52:16 -0700
Processing by EventsController#index as HTML
Completed 200 OK in 2197ms (Views: 14.3ms | ActiveRecord: 0.0ms)


Started GET "/events/index" for 127.0.0.1 at 2017-09-08 12:52:38 -0700
  
SyntaxError (/Users/dpgardne/Desktop/tour206backend/tour206_api/app/controllers/events_controller.rb:9: syntax error, unexpected '.', expecting keyword_end
    .parsed_response
     ^
/Users/dpgardne/Desktop/tour206backend/tour206_api/app/controllers/events_controller.rb:18: syntax error, unexpected end-of-input, expecting keyword_end):
  
app/controllers/events_controller.rb:9: syntax error, unexpected '.', expecting keyword_end
app/controllers/events_controller.rb:18: syntax error, unexpected end-of-input, expecting keyword_end
Started GET "/events/index" for 127.0.0.1 at 2017-09-08 12:52:44 -0700
  
SyntaxError (/Users/dpgardne/Desktop/tour206backend/tour206_api/app/controllers/events_controller.rb:16: syntax error, unexpected end-of-input, expecting keyword_end):
  
app/controllers/events_controller.rb:16: syntax error, unexpected end-of-input, expecting keyword_end
Started GET "/events/index" for 127.0.0.1 at 2017-09-08 12:52:48 -0700
  
SyntaxError (/Users/dpgardne/Desktop/tour206backend/tour206_api/app/controllers/events_controller.rb:16: syntax error, unexpected end-of-input, expecting keyword_end):
  
app/controllers/events_controller.rb:16: syntax error, unexpected end-of-input, expecting keyword_end
Started GET "/events/index" for 127.0.0.1 at 2017-09-08 12:52:55 -0700
Processing by EventsController#index as HTML
Completed 200 OK in 1933ms (Views: 13.5ms | ActiveRecord: 0.0ms)


Started GET "/events/index" for 127.0.0.1 at 2017-09-08 12:53:03 -0700
Processing by EventsController#index as HTML
Completed 200 OK in 1950ms (Views: 14.9ms | ActiveRecord: 0.0ms)


Started GET "/events/index" for 127.0.0.1 at 2017-09-08 12:53:08 -0700
Processing by EventsController#index as HTML
Completed 200 OK in 1803ms (Views: 14.4ms | ActiveRecord: 0.0ms)


Started GET "/events/index" for 127.0.0.1 at 2017-09-08 12:53:11 -0700
Processing by EventsController#index as HTML
Started GET "/events/index" for 127.0.0.1 at 2017-09-08 12:53:12 -0700
Processing by EventsController#index as HTML
Completed 200 OK in 1805ms (Views: 22.8ms | ActiveRecord: 0.0ms)


Completed 200 OK in 3031ms (Views: 15.3ms | ActiveRecord: 0.0ms)


Started GET "/" for 127.0.0.1 at 2017-09-08 12:54:37 -0700
Processing by Rails::WelcomeController#index as HTML
  Rendering /Users/dpgardne/.rbenv/versions/2.4.1/lib/ruby/gems/2.4.0/gems/railties-5.1.3/lib/rails/templates/rails/welcome/index.html.erb
  Rendered /Users/dpgardne/.rbenv/versions/2.4.1/lib/ruby/gems/2.4.0/gems/railties-5.1.3/lib/rails/templates/rails/welcome/index.html.erb (2.7ms)
Completed 200 OK in 33ms (Views: 6.1ms | ActiveRecord: 0.0ms)


Started GET "/events/index" for 127.0.0.1 at 2017-09-08 12:54:40 -0700
Processing by EventsController#index as HTML
Completed 500 Internal Server Error in 2531ms (Views: 15.8ms | ActiveRecord: 0.0ms)


  
JSON::GeneratorError (only generation of JSON objects or arrays allowed):
  
app/controllers/events_controller.rb:15:in `index'
Started GET "/events/index" for 127.0.0.1 at 2017-09-08 12:54:49 -0700
Processing by EventsController#index as HTML
Completed 200 OK in 2231ms (Views: 17.6ms | ActiveRecord: 0.0ms)


Started GET "/events/index" for 127.0.0.1 at 2017-09-08 12:58:29 -0700
  
SyntaxError (/Users/dpgardne/Desktop/tour206backend/tour206_api/app/controllers/events_controller.rb:13: syntax error, unexpected ':'
events = render format.json: { data: response.body, messag
                            ^):
  
app/controllers/events_controller.rb:13: syntax error, unexpected ':'
Started GET "/events/index" for 127.0.0.1 at 2017-09-08 12:58:32 -0700
  
SyntaxError (/Users/dpgardne/Desktop/tour206backend/tour206_api/app/controllers/events_controller.rb:13: syntax error, unexpected ':'
events = render format.json: { data: response.body, messag
                            ^):
  
app/controllers/events_controller.rb:13: syntax error, unexpected ':'
Started GET "/events/index" for 127.0.0.1 at 2017-09-08 12:58:39 -0700
  
SyntaxError (/Users/dpgardne/Desktop/tour206backend/tour206_api/app/controllers/events_controller.rb:13: syntax error, unexpected ':'
events = render format.json: { data: response.body, messag
                            ^
/Users/dpgardne/Desktop/tour206backend/tour206_api/app/controllers/events_controller.rb:18: syntax error, unexpected end-of-input, expecting keyword_end):
  
app/controllers/events_controller.rb:13: syntax error, unexpected ':'
app/controllers/events_controller.rb:18: syntax error, unexpected end-of-input, expecting keyword_end
Started GET "/events/index" for 127.0.0.1 at 2017-09-08 12:58:41 -0700
  
SyntaxError (/Users/dpgardne/Desktop/tour206backend/tour206_api/app/controllers/events_controller.rb:13: syntax error, unexpected ':'
events = render format.json: { data: response.body, messag
                            ^
/Users/dpgardne/Desktop/tour206backend/tour206_api/app/controllers/events_controller.rb:18: syntax error, unexpected end-of-input, expecting keyword_end):
  
app/controllers/events_controller.rb:13: syntax error, unexpected ':'
app/controllers/events_controller.rb:18: syntax error, unexpected end-of-input, expecting keyword_end
Started GET "/events/index" for 127.0.0.1 at 2017-09-08 12:58:49 -0700
  
SyntaxError (/Users/dpgardne/Desktop/tour206backend/tour206_api/app/controllers/events_controller.rb:13: syntax error, unexpected ':'
events = render format.json: { data: response.body, messag
                            ^):
  
app/controllers/events_controller.rb:13: syntax error, unexpected ':'
Started GET "/events/index" for 127.0.0.1 at 2017-09-08 12:58:56 -0700
  
SyntaxError (/Users/dpgardne/Desktop/tour206backend/tour206_api/app/controllers/events_controller.rb:13: syntax error, unexpected ':'
events = render format.json: { data: response.body, messag
                            ^):
  
app/controllers/events_controller.rb:13: syntax error, unexpected ':'
Started GET "/events/index" for 127.0.0.1 at 2017-09-08 12:59:01 -0700
Processing by EventsController#index as HTML
Completed 200 OK in 1964ms (Views: 16.0ms | ActiveRecord: 0.0ms)


Started GET "/events/index" for 127.0.0.1 at 2017-09-08 12:59:12 -0700
Processing by EventsController#index as HTML
Completed 200 OK in 1996ms (Views: 15.9ms | ActiveRecord: 0.0ms)


Started GET "/events/index" for 127.0.0.1 at 2017-09-08 12:59:18 -0700
Processing by EventsController#index as HTML
Completed 200 OK in 2849ms (Views: 22.9ms | ActiveRecord: 0.0ms)


Started GET "/events/index" for 127.0.0.1 at 2017-09-08 12:59:23 -0700
Processing by EventsController#index as HTML
Completed 200 OK in 1896ms (Views: 15.3ms | ActiveRecord: 0.0ms)


Started GET "/events/index" for 127.0.0.1 at 2017-09-08 12:59:29 -0700
Processing by EventsController#index as HTML
Completed 200 OK in 1839ms (Views: 15.2ms | ActiveRecord: 0.0ms)


Started GET "/events/index" for 127.0.0.1 at 2017-09-08 12:59:51 -0700
  
SyntaxError (/Users/dpgardne/Desktop/tour206backend/tour206_api/app/controllers/events_controller.rb:13: syntax error, unexpected ',', expecting =>
er json: { data.response.body, message: response.message }
                              ^
/Users/dpgardne/Desktop/tour206backend/tour206_api/app/controllers/events_controller.rb:13: syntax error, unexpected '}', expecting keyword_end
y, message: response.message }
                              ^):
  
app/controllers/events_controller.rb:13: syntax error, unexpected ',', expecting =>
app/controllers/events_controller.rb:13: syntax error, unexpected '}', expecting keyword_end
Started GET "/events/index" for 127.0.0.1 at 2017-09-08 12:59:58 -0700
Processing by EventsController#index as HTML
Completed 500 Internal Server Error in 2219ms (ActiveRecord: 0.0ms)


  
NameError (undefined local variable or method `data' for #<EventsController:0x007ff44930d8e8>):
  
app/controllers/events_controller.rb:13:in `index'
Started GET "/events/index" for 127.0.0.1 at 2017-09-08 13:00:13 -0700
Processing by EventsController#index as HTML
Completed 200 OK in 2147ms (Views: 22.1ms | ActiveRecord: 0.0ms)


Started GET "/events/index" for 127.0.0.1 at 2017-09-08 13:00:22 -0700
Processing by EventsController#index as HTML
Completed 200 OK in 2285ms (Views: 16.3ms | ActiveRecord: 0.0ms)


